<?xml version="1.0" encoding="UTF-8"?>
<testsuite xmlns:xsi="http://www.w3.org/2001/XMLSchema-instance" xsi:noNamespaceSchemaLocation="https://maven.apache.org/surefire/maven-surefire-plugin/xsd/surefire-test-report.xsd" version="3.0.2" name="com.ten68.marketing.webfront.rest.RestRequestChatEchoTest" time="2.026" tests="3" errors="1" skipped="0" failures="0" flakes="0">
  <properties>
[...]
</properties>
  <testcase name="echo_returnsApplicationJsonContentType" classname="com.ten68.marketing.webfront.rest.RestRequestChatEchoTest" time="0.065">
    <system-out><![CDATA[22:13:48.894 [main] INFO org.springframework.test.context.support.AnnotationConfigContextLoaderUtils -- Could not detect default configuration classes for test class [com.ten68.marketing.webfront.rest.RestRequestChatEchoTest]: RestRequestChatEchoTest does not declare any static, non-private, non-final, nested classes annotated with @Configuration.
22:13:48.978 [main] INFO org.springframework.boot.test.context.SpringBootTestContextBootstrapper -- Found @SpringBootConfiguration com.ten68.marketing.webfront.WebfrontApplication for test class com.ten68.marketing.webfront.rest.RestRequestChatEchoTest
22:13:48.980 [main] INFO org.springframework.test.context.support.AnnotationConfigContextLoaderUtils -- Could not detect default configuration classes for test class [com.ten68.marketing.webfront.rest.RestRequestChatEchoTest]: RestRequestChatEchoTest does not declare any static, non-private, non-final, nested classes annotated with @Configuration.
22:13:48.990 [main] INFO org.springframework.boot.test.context.SpringBootTestContextBootstrapper -- Found @SpringBootConfiguration com.ten68.marketing.webfront.WebfrontApplication for test class com.ten68.marketing.webfront.rest.RestRequestChatEchoTest

  .   ____          _            __ _ _
 /\\ / ___'_ __ _ _(_)_ __  __ _ \ \ \ \
( ( )\___ | '_ | '_| | '_ \/ _` | \ \ \ \
 \\/  ___)| |_)| | | | | || (_| |  ) ) ) )
  '  |____| .__|_| |_|_| |_\__, | / / / /
 =========|_|==============|___/=/_/_/_/

 :: Spring Boot ::                (v4.0.7)

2026-06-18T22:13:49.373-07:00  INFO 153219 --- [webfront] [           main] c.t.m.w.rest.RestRequestChatEchoTest     : Starting RestRequestChatEchoTest using Java 25.0.3 with PID 153219 (started by tak in /home/tak/src/68Ten)
2026-06-18T22:13:49.374-07:00  INFO 153219 --- [webfront] [           main] c.t.m.w.rest.RestRequestChatEchoTest     : No active profile set, falling back to 1 default profile: "default"
2026-06-18T22:13:50.397-07:00  INFO 153219 --- [webfront] [           main] o.s.b.w.a.WelcomePageHandlerMapping      : Adding welcome page: class path resource [static/index.html]
2026-06-18T22:13:50.616-07:00  INFO 153219 --- [webfront] [           main] o.s.b.t.m.w.SpringBootMockServletContext : Initializing Spring TestDispatcherServlet ''
2026-06-18T22:13:50.616-07:00  INFO 153219 --- [webfront] [           main] o.s.t.web.servlet.TestDispatcherServlet  : Initializing Servlet ''
2026-06-18T22:13:50.618-07:00  INFO 153219 --- [webfront] [           main] o.s.t.web.servlet.TestDispatcherServlet  : Completed initialization in 1 ms
2026-06-18T22:13:50.638-07:00  INFO 153219 --- [webfront] [           main] c.t.m.w.rest.RestRequestChatEchoTest     : Started RestRequestChatEchoTest in 1.509 seconds (process running for 2.323)
]]></system-out>
    <system-err><![CDATA[Mockito is currently self-attaching to enable the inline-mock-maker. This will no longer work in future releases of the JDK. Please add Mockito as an agent to your build as described in Mockito's documentation: https://javadoc.io/doc/org.mockito/mockito-core/latest/org.mockito/org/mockito/Mockito.html#0.3
WARNING: A Java agent has been loaded dynamically (/home/tak/.m2/repository/net/bytebuddy/byte-buddy-agent/1.17.8/byte-buddy-agent-1.17.8.jar)
WARNING: If a serviceability tool is in use, please run with -XX:+EnableDynamicAgentLoading to hide this warning
WARNING: If a serviceability tool is not in use, please run with -Djdk.instrument.traceUsage for more information
WARNING: Dynamic loading of agents will be disallowed by default in a future release
]]></system-err>
  </testcase>
  <testcase name="echo_returnsHttp200" classname="com.ten68.marketing.webfront.rest.RestRequestChatEchoTest" time="0.006"/>
  <testcase name="echo_returnsValidJsonContainingInput" classname="com.ten68.marketing.webfront.rest.RestRequestChatEchoTest" time="0.059">
    <error message="Unexpected character (&apos;&apos;&apos; (code 39)): was expecting double-quote to start field name&#10; at [Source: REDACTED (`StreamReadFeature.INCLUDE_SOURCE_IN_LOCATION` disabled); line: 1, column: 2]" type="com.fasterxml.jackson.core.JsonParseException"><![CDATA[com.fasterxml.jackson.core.JsonParseException: 
Unexpected character (''' (code 39)): was expecting double-quote to start field name
 at [Source: REDACTED (`StreamReadFeature.INCLUDE_SOURCE_IN_LOCATION` disabled); line: 1, column: 2]
	at com.fasterxml.jackson.core.JsonParser._constructReadException(JsonParser.java:2675)
	at com.fasterxml.jackson.core.base.ParserMinimalBase._reportUnexpectedChar(ParserMinimalBase.java:743)
	at com.fasterxml.jackson.core.json.ReaderBasedJsonParser._handleOddName(ReaderBasedJsonParser.java:1909)
	at com.fasterxml.jackson.core.json.ReaderBasedJsonParser.nextFieldName(ReaderBasedJsonParser.java:939)
	at com.fasterxml.jackson.databind.deser.std.MapDeserializer._readAndBindStringKeyMap(MapDeserializer.java:596)
	at com.fasterxml.jackson.databind.deser.std.MapDeserializer.deserialize(MapDeserializer.java:450)
	at com.fasterxml.jackson.databind.deser.std.MapDeserializer.deserialize(MapDeserializer.java:31)
	at com.fasterxml.jackson.databind.deser.DefaultDeserializationContext.readRootValue(DefaultDeserializationContext.java:342)
	at com.fasterxml.jackson.databind.ObjectMapper._readMapAndClose(ObjectMapper.java:5052)
	at com.fasterxml.jackson.databind.ObjectMapper.readValue(ObjectMapper.java:3954)
	at com.fasterxml.jackson.databind.ObjectMapper.readValue(ObjectMapper.java:3922)
	at com.ten68.marketing.webfront.rest.RestRequestChatEchoTest.echo_returnsValidJsonContainingInput(RestRequestChatEchoTest.java:60)
]]></error>
    <system-out><![CDATA[
MockHttpServletRequest:
      HTTP Method = POST
      Request URI = /v1/api/echo
       Parameters = {}
          Headers = [Content-Type:"text/plain;charset=UTF-8", Content-Length:"11"]
             Body = hello world
    Session Attrs = {}

Handler:
             Type = com.ten68.marketing.webfront.rest.RestRequestChatEcho
           Method = com.ten68.marketing.webfront.rest.RestRequestChatEcho#echoRequest(String)

Async:
    Async started = false
     Async result = null

Resolved Exception:
             Type = null

ModelAndView:
        View name = null
             View = null
            Model = null

FlashMap:
       Attributes = null

MockHttpServletResponse:
           Status = 200
    Error message = null
          Headers = [Content-Type:"application/json", Content-Length:"22"]
     Content type = application/json
             Body = {'Echo':'hello+world'}
    Forwarded URL = null
   Redirected URL = null
          Cookies = []
]]></system-out>
  </testcase>
</testsuite>